This is pdfTeX, Version 3.14159265-2.6-1.40.17 (TeX Live 2016/W32TeX) (preloaded format=pdflatex 2017.2.17)  30 JUL 2018 15:09
entering extended mode
 restricted \write18 enabled.
 %&-line parsing enabled.
**./ait_sop.tex
(./ait_sop.tex
LaTeX2e <2017/01/01> patch level 1
Babel <3.9r> and hyphenation patterns for 12 language(s) loaded.
(c:/texlive/2016/texmf-dist/tex/latex/base/article.cls
Document Class: article 2014/09/29 v1.4h Standard LaTeX document class
(c:/texlive/2016/texmf-dist/tex/latex/base/size11.clo
File: size11.clo 2014/09/29 v1.4h Standard LaTeX file (size option)
)
\c@part=\count79
\c@section=\count80
\c@subsection=\count81
\c@subsubsection=\count82
\c@paragraph=\count83
\c@subparagraph=\count84
\c@figure=\count85
\c@table=\count86
\abovecaptionskip=\skip41
\belowcaptionskip=\skip42
\bibindent=\dimen102
)
(c:/texlive/2016/texmf-dist/tex/latex/geometry/geometry.sty
Package: geometry 2010/09/12 v5.6 Page Geometry

(c:/texlive/2016/texmf-dist/tex/latex/graphics/keyval.sty
Package: keyval 2014/10/28 v1.15 key=value parser (DPC)
\KV@toks@=\toks14
)
(c:/texlive/2016/texmf-dist/tex/generic/oberdiek/ifpdf.sty
Package: ifpdf 2016/05/14 v3.1 Provides the ifpdf switch
)
(c:/texlive/2016/texmf-dist/tex/generic/oberdiek/ifvtex.sty
Package: ifvtex 2016/05/16 v1.6 Detect VTeX and its facilities (HO)
Package ifvtex Info: VTeX not detected.
)
(c:/texlive/2016/texmf-dist/tex/generic/ifxetex/ifxetex.sty
Package: ifxetex 2010/09/12 v0.6 Provides ifxetex conditional
)
\Gm@cnth=\count87
\Gm@cntv=\count88
\c@Gm@tempcnt=\count89
\Gm@bindingoffset=\dimen103
\Gm@wd@mp=\dimen104
\Gm@odd@mp=\dimen105
\Gm@even@mp=\dimen106
\Gm@layoutwidth=\dimen107
\Gm@layoutheight=\dimen108
\Gm@layouthoffset=\dimen109
\Gm@layoutvoffset=\dimen110
\Gm@dimlist=\toks15
)
(c:/texlive/2016/texmf-dist/tex/latex/titlesec/titlesec.sty
Package: titlesec 2016/03/21 v2.10.2 Sectioning titles
\ttl@box=\box26
\beforetitleunit=\skip43
\aftertitleunit=\skip44
\ttl@plus=\dimen111
\ttl@minus=\dimen112
\ttl@toksa=\toks16
\titlewidth=\dimen113
\titlewidthlast=\dimen114
\titlewidthfirst=\dimen115
)
(c:/texlive/2016/texmf-dist/tex/latex/ms/ragged2e.sty
Package: ragged2e 2009/05/21 v2.1 ragged2e Package (MS)

(c:/texlive/2016/texmf-dist/tex/latex/ms/everysel.sty
Package: everysel 2011/10/28 v1.2 EverySelectfont Package (MS)
)
(c:/texlive/2016/texmf-dist/tex/latex/footmisc/footmisc.sty
Package: footmisc 2011/06/06 v5.5b a miscellany of footnote facilities
\FN@temptoken=\toks17
\footnotemargin=\dimen116
\c@pp@next@reset=\count90
Package footmisc Info: Declaring symbol style bringhurst on input line 855.
Package footmisc Info: Declaring symbol style chicago on input line 863.
Package footmisc Info: Declaring symbol style wiley on input line 872.
Package footmisc Info: Declaring symbol style lamport-robust on input line 883.

Package footmisc Info: Declaring symbol style lamport* on input line 903.
Package footmisc Info: Declaring symbol style lamport*-robust on input line 924
.
)
\CenteringLeftskip=\skip45
\RaggedLeftLeftskip=\skip46
\RaggedRightLeftskip=\skip47
\CenteringRightskip=\skip48
\RaggedLeftRightskip=\skip49
\RaggedRightRightskip=\skip50
\CenteringParfillskip=\skip51
\RaggedLeftParfillskip=\skip52
\RaggedRightParfillskip=\skip53
\JustifyingParfillskip=\skip54
\CenteringParindent=\skip55
\RaggedLeftParindent=\skip56
\RaggedRightParindent=\skip57
\JustifyingParindent=\skip58
)
(c:/texlive/2016/texmf-dist/tex/latex/was/gensymb.sty
Package: gensymb 2003/07/02 v1.0 (WaS)
)
(c:/texlive/2016/texmf-dist/tex/latex/base/textcomp.sty
Package: textcomp 2017/01/24 v2.0c Standard LaTeX package
Package textcomp Info: Sub-encoding information:
(textcomp)               5 = only ISO-Adobe without \textcurrency
(textcomp)               4 = 5 + \texteuro
(textcomp)               3 = 4 + \textohm
(textcomp)               2 = 3 + \textestimated + \textcurrency
(textcomp)               1 = TS1 - \textcircled - \t
(textcomp)               0 = TS1 (full)
(textcomp)             Font families with sub-encoding setting implement
(textcomp)             only a restricted character set as indicated.
(textcomp)             Family '?' is the default used for unknown fonts.
(textcomp)             See the documentation for details.
Package textcomp Info: Setting ? sub-encoding to TS1/1 on input line 79.

(c:/texlive/2016/texmf-dist/tex/latex/base/ts1enc.def
File: ts1enc.def 2001/06/05 v3.0e (jk/car/fm) Standard LaTeX file
)
LaTeX Info: Redefining \oldstylenums on input line 334.
Package textcomp Info: Setting cmr sub-encoding to TS1/0 on input line 349.
Package textcomp Info: Setting cmss sub-encoding to TS1/0 on input line 350.
Package textcomp Info: Setting cmtt sub-encoding to TS1/0 on input line 351.
Package textcomp Info: Setting cmvtt sub-encoding to TS1/0 on input line 352.
Package textcomp Info: Setting cmbr sub-encoding to TS1/0 on input line 353.
Package textcomp Info: Setting cmtl sub-encoding to TS1/0 on input line 354.
Package textcomp Info: Setting ccr sub-encoding to TS1/0 on input line 355.
Package textcomp Info: Setting ptm sub-encoding to TS1/4 on input line 356.
Package textcomp Info: Setting pcr sub-encoding to TS1/4 on input line 357.
Package textcomp Info: Setting phv sub-encoding to TS1/4 on input line 358.
Package textcomp Info: Setting ppl sub-encoding to TS1/3 on input line 359.
Package textcomp Info: Setting pag sub-encoding to TS1/4 on input line 360.
Package textcomp Info: Setting pbk sub-encoding to TS1/4 on input line 361.
Package textcomp Info: Setting pnc sub-encoding to TS1/4 on input line 362.
Package textcomp Info: Setting pzc sub-encoding to TS1/4 on input line 363.
Package textcomp Info: Setting bch sub-encoding to TS1/4 on input line 364.
Package textcomp Info: Setting put sub-encoding to TS1/5 on input line 365.
Package textcomp Info: Setting uag sub-encoding to TS1/5 on input line 366.
Package textcomp Info: Setting ugq sub-encoding to TS1/5 on input line 367.
Package textcomp Info: Setting ul8 sub-encoding to TS1/4 on input line 368.
Package textcomp Info: Setting ul9 sub-encoding to TS1/4 on input line 369.
Package textcomp Info: Setting augie sub-encoding to TS1/5 on input line 370.
Package textcomp Info: Setting dayrom sub-encoding to TS1/3 on input line 371.
Package textcomp Info: Setting dayroms sub-encoding to TS1/3 on input line 372.

Package textcomp Info: Setting pxr sub-encoding to TS1/0 on input line 373.
Package textcomp Info: Setting pxss sub-encoding to TS1/0 on input line 374.
Package textcomp Info: Setting pxtt sub-encoding to TS1/0 on input line 375.
Package textcomp Info: Setting txr sub-encoding to TS1/0 on input line 376.
Package textcomp Info: Setting txss sub-encoding to TS1/0 on input line 377.
Package textcomp Info: Setting txtt sub-encoding to TS1/0 on input line 378.
Package textcomp Info: Setting lmr sub-encoding to TS1/0 on input line 379.
Package textcomp Info: Setting lmdh sub-encoding to TS1/0 on input line 380.
Package textcomp Info: Setting lmss sub-encoding to TS1/0 on input line 381.
Package textcomp Info: Setting lmssq sub-encoding to TS1/0 on input line 382.
Package textcomp Info: Setting lmvtt sub-encoding to TS1/0 on input line 383.
Package textcomp Info: Setting lmtt sub-encoding to TS1/0 on input line 384.
Package textcomp Info: Setting qhv sub-encoding to TS1/0 on input line 385.
Package textcomp Info: Setting qag sub-encoding to TS1/0 on input line 386.
Package textcomp Info: Setting qbk sub-encoding to TS1/0 on input line 387.
Package textcomp Info: Setting qcr sub-encoding to TS1/0 on input line 388.
Package textcomp Info: Setting qcs sub-encoding to TS1/0 on input line 389.
Package textcomp Info: Setting qpl sub-encoding to TS1/0 on input line 390.
Package textcomp Info: Setting qtm sub-encoding to TS1/0 on input line 391.
Package textcomp Info: Setting qzc sub-encoding to TS1/0 on input line 392.
Package textcomp Info: Setting qhvc sub-encoding to TS1/0 on input line 393.
Package textcomp Info: Setting futs sub-encoding to TS1/4 on input line 394.
Package textcomp Info: Setting futx sub-encoding to TS1/4 on input line 395.
Package textcomp Info: Setting futj sub-encoding to TS1/4 on input line 396.
Package textcomp Info: Setting hlh sub-encoding to TS1/3 on input line 397.
Package textcomp Info: Setting hls sub-encoding to TS1/3 on input line 398.
Package textcomp Info: Setting hlst sub-encoding to TS1/3 on input line 399.
Package textcomp Info: Setting hlct sub-encoding to TS1/5 on input line 400.
Package textcomp Info: Setting hlx sub-encoding to TS1/5 on input line 401.
Package textcomp Info: Setting hlce sub-encoding to TS1/5 on input line 402.
Package textcomp Info: Setting hlcn sub-encoding to TS1/5 on input line 403.
Package textcomp Info: Setting hlcw sub-encoding to TS1/5 on input line 404.
Package textcomp Info: Setting hlcf sub-encoding to TS1/5 on input line 405.
Package textcomp Info: Setting pplx sub-encoding to TS1/3 on input line 406.
Package textcomp Info: Setting pplj sub-encoding to TS1/3 on input line 407.
Package textcomp Info: Setting ptmx sub-encoding to TS1/4 on input line 408.
Package textcomp Info: Setting ptmj sub-encoding to TS1/4 on input line 409.
)
(c:/texlive/2016/texmf-dist/tex/latex/graphics/graphicx.sty
Package: graphicx 2014/10/28 v1.0g Enhanced LaTeX Graphics (DPC,SPQR)

(c:/texlive/2016/texmf-dist/tex/latex/graphics/graphics.sty
Package: graphics 2016/10/09 v1.0u Standard LaTeX Graphics (DPC,SPQR)

(c:/texlive/2016/texmf-dist/tex/latex/graphics/trig.sty
Package: trig 2016/01/03 v1.10 sin cos tan (DPC)
)
(c:/texlive/2016/texmf-dist/tex/latex/graphics-cfg/graphics.cfg
File: graphics.cfg 2016/06/04 v1.11 sample graphics configuration
)
Package graphics Info: Driver file: pdftex.def on input line 99.

(c:/texlive/2016/texmf-dist/tex/latex/graphics-def/pdftex.def
File: pdftex.def 2017/01/12 v0.06k Graphics/color for pdfTeX

(c:/texlive/2016/texmf-dist/tex/generic/oberdiek/infwarerr.sty
Package: infwarerr 2016/05/16 v1.4 Providing info/warning/error messages (HO)
)
(c:/texlive/2016/texmf-dist/tex/generic/oberdiek/ltxcmds.sty
Package: ltxcmds 2016/05/16 v1.23 LaTeX kernel commands for general use (HO)
)
\Gread@gobject=\count91
))
\Gin@req@height=\dimen117
\Gin@req@width=\dimen118
)
(c:/texlive/2016/texmf-dist/tex/latex/subfig/subfig.sty
Package: subfig 2005/06/28 ver: 1.3 subfig package

(c:/texlive/2016/texmf-dist/tex/latex/caption/caption.sty
Package: caption 2016/02/21 v3.3-144 Customizing captions (AR)

(c:/texlive/2016/texmf-dist/tex/latex/caption/caption3.sty
Package: caption3 2016/05/22 v1.7-166 caption3 kernel (AR)
Package caption3 Info: TeX engine: e-TeX on input line 67.
\captionmargin=\dimen119
\captionmargin@=\dimen120
\captionwidth=\dimen121
\caption@tempdima=\dimen122
\caption@indent=\dimen123
\caption@parindent=\dimen124
\caption@hangindent=\dimen125
)
\c@ContinuedFloat=\count92
)
\c@KVtest=\count93
\sf@farskip=\skip59
\sf@captopadj=\dimen126
\sf@capskip=\skip60
\sf@nearskip=\skip61
\c@subfigure=\count94
\c@subfigure@save=\count95
\c@lofdepth=\count96
\c@subtable=\count97
\c@subtable@save=\count98
\c@lotdepth=\count99
\sf@top=\skip62
\sf@bottom=\skip63
)
(c:/texlive/2016/texmf-dist/tex/latex/float/float.sty
Package: float 2001/11/08 v1.3d Float enhancements (AL)
\c@float@type=\count100
\float@exts=\toks18
\float@box=\box27
\@float@everytoks=\toks19
\@floatcapt=\box28
)
(c:/texlive/2016/texmf-dist/tex/latex/wrapfig/wrapfig.sty
\wrapoverhang=\dimen127
\WF@size=\dimen128
\c@WF@wrappedlines=\count101
\WF@box=\box29
\WF@everypar=\toks20
Package: wrapfig 2003/01/31  v 3.6
)
(c:/texlive/2016/texmf-dist/tex/latex/setspace/setspace.sty
Package: setspace 2011/12/19 v6.7a set line spacing
) (./ait_sop.aux)
\openout1 = `ait_sop.aux'.

LaTeX Font Info:    Checking defaults for OML/cmm/m/it on input line 30.
LaTeX Font Info:    ... okay on input line 30.
LaTeX Font Info:    Checking defaults for T1/cmr/m/n on input line 30.
LaTeX Font Info:    ... okay on input line 30.
LaTeX Font Info:    Checking defaults for OT1/cmr/m/n on input line 30.
LaTeX Font Info:    ... okay on input line 30.
LaTeX Font Info:    Checking defaults for OMS/cmsy/m/n on input line 30.
LaTeX Font Info:    ... okay on input line 30.
LaTeX Font Info:    Checking defaults for OMX/cmex/m/n on input line 30.
LaTeX Font Info:    ... okay on input line 30.
LaTeX Font Info:    Checking defaults for U/cmr/m/n on input line 30.
LaTeX Font Info:    ... okay on input line 30.
LaTeX Font Info:    Checking defaults for TS1/cmr/m/n on input line 30.
LaTeX Font Info:    Try loading font information for TS1+cmr on input line 30.

(c:/texlive/2016/texmf-dist/tex/latex/base/ts1cmr.fd
File: ts1cmr.fd 2014/09/29 v2.5h Standard LaTeX font definitions
)
LaTeX Font Info:    ... okay on input line 30.

*geometry* driver: auto-detecting
*geometry* detected driver: pdftex
*geometry* verbose mode - [ preamble ] result:
* driver: pdftex
* paper: letterpaper
* layout: <same size as paper>
* layoutoffset:(h,v)=(0.0pt,0.0pt)
* modes: 
* h-part:(L,W,R)=(54.2025pt, 505.89pt, 54.2025pt)
* v-part:(T,H,B)=(54.2025pt, 686.56499pt, 54.2025pt)
* \paperwidth=614.295pt
* \paperheight=794.96999pt
* \textwidth=505.89pt
* \textheight=686.56499pt
* \oddsidemargin=-18.06749pt
* \evensidemargin=-18.06749pt
* \topmargin=-55.06749pt
* \headheight=12.0pt
* \headsep=25.0pt
* \topskip=11.0pt
* \footskip=30.0pt
* \marginparwidth=59.0pt
* \marginparsep=10.0pt
* \columnsep=10.0pt
* \skip\footins=10.0pt plus 4.0pt minus 2.0pt
* \hoffset=0.0pt
* \voffset=0.0pt
* \mag=1000
* \@twocolumnfalse
* \@twosidefalse
* \@mparswitchfalse
* \@reversemarginfalse
* (1in=72.27pt=25.4mm, 1cm=28.453pt)

Package ragged2e Info: ABD: executing \RaggedRight on input line 30.
ABD: EverySelectfont initializing macros
LaTeX Info: Redefining \selectfont on input line 30.
\symgns@font=\mathgroup4
LaTeX Font Info:    Overwriting symbol font `gns@font' in version `bold'
(Font)                  TS1/cmr/m/n --> TS1/cmr/bx/n on input line 30.
Package gensymb Info: Math companion symbols declared on input line 30.
LaTeX Info: Redefining \degree on input line 30.
LaTeX Info: Redefining \celsius on input line 30.
Package gensymb Info: Using text companion symbols for \degree, \celsius and \p
erthousand on input line 30.
LaTeX Info: Redefining \ohm on input line 30.
Package gensymb Info: Using \textohm for \ohm on input line 30.
Package gensymb Info: Using \textmu for \micro on input line 30.

(c:/texlive/2016/texmf-dist/tex/context/base/mkii/supp-pdf.mkii
[Loading MPS to PDF converter (version 2006.09.02).]
\scratchcounter=\count102
\scratchdimen=\dimen129
\scratchbox=\box30
\nofMPsegments=\count103
\nofMParguments=\count104
\everyMPshowfont=\toks21
\MPscratchCnt=\count105
\MPscratchDim=\dimen130
\MPnumerator=\count106
\makeMPintoPDFobject=\count107
\everyMPtoPDFconversion=\toks22
) (c:/texlive/2016/texmf-dist/tex/generic/oberdiek/pdftexcmds.sty
Package: pdftexcmds 2016/05/21 v0.22 Utility functions of pdfTeX for LuaTeX (HO
)

(c:/texlive/2016/texmf-dist/tex/generic/oberdiek/ifluatex.sty
Package: ifluatex 2016/05/16 v1.4 Provides the ifluatex switch (HO)
Package ifluatex Info: LuaTeX not detected.
)
Package pdftexcmds Info: LuaTeX not detected.
Package pdftexcmds Info: \pdf@primitive is available.
Package pdftexcmds Info: \pdf@ifprimitive is available.
Package pdftexcmds Info: \pdfdraftmode found.
)
(c:/texlive/2016/texmf-dist/tex/latex/oberdiek/epstopdf-base.sty
Package: epstopdf-base 2016/05/15 v2.6 Base part for package epstopdf

(c:/texlive/2016/texmf-dist/tex/latex/oberdiek/grfext.sty
Package: grfext 2016/05/16 v1.2 Manage graphics extensions (HO)

(c:/texlive/2016/texmf-dist/tex/generic/oberdiek/kvdefinekeys.sty
Package: kvdefinekeys 2016/05/16 v1.4 Define keys (HO)
))
(c:/texlive/2016/texmf-dist/tex/latex/oberdiek/kvoptions.sty
Package: kvoptions 2016/05/16 v3.12 Key value format for package options (HO)

(c:/texlive/2016/texmf-dist/tex/generic/oberdiek/kvsetkeys.sty
Package: kvsetkeys 2016/05/16 v1.17 Key value parser (HO)

(c:/texlive/2016/texmf-dist/tex/generic/oberdiek/etexcmds.sty
Package: etexcmds 2016/05/16 v1.6 Avoid name clashes with e-TeX commands (HO)
Package etexcmds Info: Could not find \expanded.
(etexcmds)             That can mean that you are not using pdfTeX 1.50 or
(etexcmds)             that some package has redefined \expanded.
(etexcmds)             In the latter case, load this package earlier.
)))
Package epstopdf-base Info: Redefining graphics rule for `.eps' on input line 4
38.
Package grfext Info: Graphics extension search list:
(grfext)             [.jpg,.JPG,.eps]
(grfext)             \AppendGraphicsExtensions on input line 456.

(c:/texlive/2016/texmf-dist/tex/latex/latexconfig/epstopdf-sys.cfg
File: epstopdf-sys.cfg 2010/07/13 v1.3 Configuration of (r)epstopdf for TeX Liv
e
))
Package caption Info: Begin \AtBeginDocument code.
Package caption Info: subfig package v1.3 is loaded.
Package caption Info: float package is loaded.
Package caption Info: wrapfig package is loaded.
Package caption Info: End \AtBeginDocument code.

(./ait_sop.toc
LaTeX Font Info:    External font `cmex10' loaded for size
(Font)              <10.95> on input line 2.
LaTeX Font Info:    External font `cmex10' loaded for size
(Font)              <8> on input line 2.
LaTeX Font Info:    External font `cmex10' loaded for size
(Font)              <6> on input line 2.
)
\tf@toc=\write3
\openout3 = `ait_sop.toc'.

 [1

{c:/texlive/2016/texmf-var/fonts/map/pdftex/updmap/pdftex.map}] <Furnace_pic_di
agram.jpg, id=11, 493.845pt x 544.28343pt>
File: Furnace_pic_diagram.jpg Graphic file (type jpg)

<use Furnace_pic_diagram.jpg>
Package pdftex.def Info: Furnace_pic_diagram.jpg used on input line 78.
(pdftex.def)             Requested size: 227.64894pt x 250.89664pt.
 [2 <./Furnace_pic_diagram.jpg>]
Overfull \hbox (34.21355pt too wide) in paragraph at lines 119--120
[]\OT1/cmtt/m/n/10.95 https://gopro.com/help/articles/Block/How-to-Pair-the-Cam
era-with-the-GoPro-App#HERO4 
 []

<Camera_diagram.jpg, id=15, 508.90125pt x 301.8778pt>
File: Camera_diagram.jpg Graphic file (type jpg)
 <use Camera_diagram.jpg>
Package pdftex.def Info: Camera_diagram.jpg used on input line 127.
(pdftex.def)             Requested size: 303.53708pt x 180.06403pt.

<tablet.jpg, id=16, 1039.63406pt x 443.40656pt>
File: tablet.jpg Graphic file (type jpg)
 <use tablet.jpg>
Package pdftex.def Info: tablet.jpg used on input line 135.
(pdftex.def)             Requested size: 505.89pt x 215.76233pt.
 [3 <./Camera_diagram.jpg>] [4 <./tablet.jpg>]
Overfull \hbox (10.52478pt too wide) in paragraph at lines 219--224
[]\OT1/cmr/m/n/10.95 All op-er-a-tions may be done re-motely on the tablet via 
Wi-Fi or di-rectly with the ``info/wireless" 
 []

[5] <o_ring_on_foil.jpg, id=29, 321.2pt x 240.9pt>
File: o_ring_on_foil.jpg Graphic file (type jpg)
 <use o_ring_on_foil.jpg>
Package pdftex.def Info: o_ring_on_foil.jpg used on input line 266.
(pdftex.def)             Requested size: 151.7482pt x 113.81102pt.

<cap_and_o_ring.jpg, id=30, 321.2pt x 240.9pt>
File: cap_and_o_ring.jpg Graphic file (type jpg)
 <use cap_and_o_ring.jpg>
Package pdftex.def Info: cap_and_o_ring.jpg used on input line 269.
(pdftex.def)             Requested size: 151.7482pt x 113.81102pt.

<fold_foil.jpg, id=31, 321.2pt x 240.9pt>
File: fold_foil.jpg Graphic file (type jpg)
 <use fold_foil.jpg>
Package pdftex.def Info: fold_foil.jpg used on input line 270.
(pdftex.def)             Requested size: 151.7482pt x 113.81102pt.
 [6 <./o_ring_on_foil.jpg> <./cap_and_o_ring.jpg> <./fold_foil.jpg>] [7]
<wrap.jpg, id=40, 912.40875pt x 670.75594pt>
File: wrap.jpg Graphic file (type jpg)
 <use wrap.jpg>
Package pdftex.def Info: wrap.jpg used on input line 428.
(pdftex.def)             Requested size: 505.89pt x 371.89525pt.
 [8]
Overfull \hbox (0.97383pt too wide) in paragraph at lines 440--443
[]\OT1/cmr/m/n/10.95 Slide the loose half of the ce-ramic back in to be snug ar
ound the flask neck, re-place the spring, 
 []

<insert_in_lid_w_donut.jpg, id=44, 350.81062pt x 644.4075pt>
File: insert_in_lid_w_donut.jpg Graphic file (type jpg)

<use insert_in_lid_w_donut.jpg>
Package pdftex.def Info: insert_in_lid_w_donut.jpg used on input line 468.
(pdftex.def)             Requested size: 227.64894pt x 418.18144pt.
 [9 <./wrap.jpg>]
<top_of_furnace_w_wrench.jpg, id=48, 3035.34pt x 4047.12pt>
File: top_of_furnace_w_wrench.jpg Graphic file (type jpg)

<use top_of_furnace_w_wrench.jpg>
Package pdftex.def Info: top_of_furnace_w_wrench.jpg used on input line 499.
(pdftex.def)             Requested size: 177.06458pt x 236.08554pt.
 [10 <./insert_in_lid_w_donut.jpg>]
<Furnace_diagram_mod.jpg, id=52, 542.025pt x 462.22687pt>
File: Furnace_diagram_mod.jpg Graphic file (type jpg)

<use Furnace_diagram_mod.jpg>
Package pdftex.def Info: Furnace_diagram_mod.jpg used on input line 513.
(pdftex.def)             Requested size: 328.82541pt x 280.42043pt.
 [11 <./top_of_furnace_w_wrench.jpg> <./Furnace_diagram_mod.jpg>]
Overfull \hbox (10.25096pt too wide) in paragraph at lines 537--540
[]\OT1/cmr/m/n/10.95 Once all stains have been erad-i-cated from the in-side of
 the flask and the flask has been scrubbed 
 []

<clean_dirty_flask.jpg, id=56, 1880.02374pt x 2827.56375pt>
File: clean_dirty_flask.jpg Graphic file (type jpg)

<use clean_dirty_flask.jpg>
Package pdftex.def Info: clean_dirty_flask.jpg used on input line 559.
(pdftex.def)             Requested size: 126.47249pt x 190.18356pt.
 [12 <./clean_dirty_flask.jpg>]
<rupture_disk.jpg, id=60, 2163.08125pt x 1919.17pt>
File: rupture_disk.jpg Graphic file (type jpg)
 <use rupture_disk.jpg>
Package pdftex.def Info: rupture_disk.jpg used on input line 596.
(pdftex.def)             Requested size: 126.47249pt x 112.18753pt.

Overfull \hbox (10.31172pt too wide) in paragraph at lines 612--614
[]\OT1/cmr/m/n/10.95 You may need to spec-ify the do-main you are log-ging into
. If that is the case en-ter your CAEDM 
 []

LaTeX Font Info:    Try loading font information for OMS+cmr on input line 615.

(c:/texlive/2016/texmf-dist/tex/latex/base/omscmr.fd
File: omscmr.fd 2014/09/29 v2.5h Standard LaTeX font definitions
)
LaTeX Font Info:    Font shape `OMS/cmr/m/n' in size <10.95> not available
(Font)              Font shape `OMS/cmsy/m/n' tried instead on input line 615.

<sd_card_reader.jpg, id=61, 3035.34pt x 4047.12pt>
File: sd_card_reader.jpg Graphic file (type jpg)
 <use sd_card_reader.jpg>
Package pdftex.def Info: sd_card_reader.jpg used on input line 635.
(pdftex.def)             Requested size: 151.76854pt x 202.30609pt.

[13 <./rupture_disk.jpg>] <Thermocouples.jpg, id=68, 4047.12pt x 3035.34pt>
File: Thermocouples.jpg Graphic file (type jpg)

<use Thermocouples.jpg>
Package pdftex.def Info: Thermocouples.jpg used on input line 652.
(pdftex.def)             Requested size: 202.3529pt x 151.72957pt.
 <TADA_USB.jpg, id=69, 2496.32625pt x 3092.55376pt>
File: TADA_USB.jpg Graphic file (type jpg)

<use TADA_USB.jpg>
Package pdftex.def Info: TADA_USB.jpg used on input line 663.
(pdftex.def)             Requested size: 114.80574pt x 142.26378pt.
 <24V_cable.jpg, id=70, 2194.1975pt x 2415.0225pt>
File: 24V_cable.jpg Graphic file (type jpg)

<use 24V_cable.jpg>
Package pdftex.def Info: 24V_cable.jpg used on input line 665.
(pdftex.def)             Requested size: 129.23555pt x 142.26378pt.
 <24v_powersupply.jpg, id=71, 3135.715pt x 1458.44875pt>
File: 24v_powersupply.jpg Graphic file (type jpg)

<use 24v_powersupply.jpg>
Package pdftex.def Info: 24v_powersupply.jpg used on input line 666.
(pdftex.def)             Requested size: 305.83864pt x 142.26378pt.
 [14 <./sd_card_reader.jpg> <./Thermocouples.jpg>]
LaTeX Font Info:    Font shape `OMS/cmr/m/it' in size <10.95> not available
(Font)              Font shape `OMS/cmsy/m/n' tried instead on input line 683.

Overfull \hbox (13.58464pt too wide) in paragraph at lines 690--693
[]\OT1/cmr/m/n/10.95 Return to the com-puter and press the "Sync Time" but-ton 
on the bot-tom left cor-ner of the TADA[]UI 
 []

<led_red_yellow.jpg, id=75, 1164.60094pt x 459.21562pt>
File: led_red_yellow.jpg Graphic file (type jpg)

<use led_red_yellow.jpg>
Package pdftex.def Info: led_red_yellow.jpg used on input line 699.
(pdftex.def)             Requested size: 379.4175pt x 149.60767pt.
 [15 <./TADA_USB.jpg> <./24V_cable.jpg> <./24v_powersupply.jpg>] <shutdown_posi
tion.jpg, id=79, 2299.59125pt x 3540.22626pt>
File: shutdown_position.jpg Graphic file (type jpg)

<use shutdown_position.jpg>
Package pdftex.def Info: shutdown_position.jpg used on input line 717.
(pdftex.def)             Requested size: 151.76854pt x 233.63405pt.

<Molex_cables.jpg, id=80, 2679.00874pt x 2539.4875pt>
File: Molex_cables.jpg Graphic file (type jpg)
 <use Molex_cables.jpg>
Package pdftex.def Info: Molex_cables.jpg used on input line 729.
(pdftex.def)             Requested size: 252.94499pt x 239.7426pt.

[16 <./led_red_yellow.jpg> <./shutdown_position.jpg>]
<5V_cable.jpg, id=86, 2731.20375pt x 2836.5975pt>
File: 5V_cable.jpg Graphic file (type jpg)
 <use 5V_cable.jpg>
Package pdftex.def Info: 5V_cable.jpg used on input line 745.
(pdftex.def)             Requested size: 252.94499pt x 262.68414pt.
 [17 <./Molex_cables.jpg> <./5V_cable.jpg>]
<flush_r_stand.jpg, id=90, 1479.27657pt x 946.28531pt>
File: flush_r_stand.jpg Graphic file (type jpg)
 <use flush_r_stand.jpg>
Package pdftex.def Info: flush_r_stand.jpg used on input line 762.
(pdftex.def)             Requested size: 252.94499pt x 161.80492pt.

Overfull \hbox (5.99858pt too wide) in paragraph at lines 795--797
[]\OT1/cmr/m/n/10.95 Squeeze the two catches on the cam-era buckle and pull the
 buckle out of the cam-era mount  
 []

[18 <./flush_r_stand.jpg>]
Overfull \hbox (0.79741pt too wide) in paragraph at lines 867--876
[]\OT1/cmr/m/n/10.95 NOTE: Some SDS's will rec-om-mend us-ing a face shield in 
ad-di-tion to splash gog-gles when 
 []

[19]
Overfull \hbox (2.86572pt too wide) in paragraph at lines 941--944
[]\OT1/cmr/m/n/10.95 Carefully in-sert the weigh boat into the weigh boat holde
r and press the weigh boat holder 
 []

<rupture_hood.jpg, id=98, 2887.78876pt x 2371.86125pt>
File: rupture_hood.jpg Graphic file (type jpg)
 <use rupture_hood.jpg>
Package pdftex.def Info: rupture_hood.jpg used on input line 955.
(pdftex.def)             Requested size: 151.76854pt x 124.64401pt.

[20] <Top_of_lid.jpg, id=102, 537.6888pt x 541.5432pt>
File: Top_of_lid.jpg Graphic file (type jpg)
 <use Top_of_lid.jpg>
Package pdftex.def Info: Top_of_lid.jpg used on input line 990.
(pdftex.def)             Requested size: 177.06458pt x 178.33795pt.

<Cable.png, id=103, 410.2828pt x 456.95718pt>
File: Cable.png Graphic file (type png)
 <use Cable.png>
Package pdftex.def Info: Cable.png used on input line 1005.
(pdftex.def)             Requested size: 177.06458pt x 197.20593pt.
 [21 <./rupture_hood.jpg> <./Top_of_lid.jpg>] [22 <./Cable.png>]
Overfull \hbox (1.03468pt too wide) in paragraph at lines 1064--1066
[]\OT1/cmr/m/n/10.95 If a com-bus-tion event is ob-served, al-low enough time f
or the tem-per-a-ture to re-turn to a steady 
 []

[23] [24] [25]
Overfull \hbox (0.28036pt too wide) in paragraph at lines 1250--1252
[]\OT1/cmr/m/n/10.95 Time of day that data col-lec-tion be-gan for that run us-
ing a 24 hour clock for-mat "hhmm"  
 []

[26]
Overfull \hbox (63.86038pt too wide) in paragraph at lines 1322--1326
[]\OT1/cmr/m/n/10.95 Pull out the SD card from the data log-ger and use the USB
 SD card adapter to copy the"DATALOG.CSV" 
 []

[27]
Overfull \hbox (6.78342pt too wide) in paragraph at lines 1355--1358
[]\OT1/cmr/m/n/10.95 If the spill oc-curs in or out of the hood, use ab-sorbent
 clay that can be found un-der the counter 
 []

[28] [29] (./ait_sop.aux) ) 
Here is how much of TeX's memory you used:
 4467 strings out of 494769
 69661 string characters out of 6176752
 131764 words of memory out of 5000000
 7695 multiletter control sequences out of 15000+600000
 9743 words of font info for 34 fonts, out of 8000000 for 9000
 107 hyphenation exceptions out of 8191
 44i,9n,49p,240b,429s stack positions out of 5000i,500n,10000p,200000b,80000s
{c:/texlive/2016/texmf-dist/fonts/enc/dvips/cm-super
/cm-super-ts1.enc}<c:/texlive/2016/texmf-dist/fonts/type1/public/amsfonts/cm/cm
b10.pfb><c:/texlive/2016/texmf-dist/fonts/type1/public/amsfonts/cm/cmbx10.pfb><
c:/texlive/2016/texmf-dist/fonts/type1/public/amsfonts/cm/cmbx12.pfb><c:/texliv
e/2016/texmf-dist/fonts/type1/public/amsfonts/cm/cmmi10.pfb><c:/texlive/2016/te
xmf-dist/fonts/type1/public/amsfonts/cm/cmr10.pfb><c:/texlive/2016/texmf-dist/f
onts/type1/public/amsfonts/cm/cmr8.pfb><c:/texlive/2016/texmf-dist/fonts/type1/
public/amsfonts/cm/cmr9.pfb><c:/texlive/2016/texmf-dist/fonts/type1/public/amsf
onts/cm/cmsy10.pfb><c:/texlive/2016/texmf-dist/fonts/type1/public/amsfonts/cm/c
msy8.pfb><c:/texlive/2016/texmf-dist/fonts/type1/public/amsfonts/cm/cmti10.pfb>
<c:/texlive/2016/texmf-dist/fonts/type1/public/amsfonts/cm/cmtt10.pfb><c:/texli
ve/2016/texmf-dist/fonts/type1/public/cm-super/sfrm0800.pfb><c:/texlive/2016/te
xmf-dist/fonts/type1/public/cm-super/sfrm1095.pfb>
Output written on ait_sop.pdf (29 pages, 21702739 bytes).
PDF statistics:
 176 PDF objects out of 1000 (max. 8388607)
 105 compressed objects within 2 object streams
 0 named destinations out of 1000 (max. 500000)
 126 words of extra memory for PDF output out of 10000 (max. 10000000)

